#
# A fatal error has been detected by the Java Runtime Environment:
#
#  EXCEPTION_ACCESS_VIOLATION (0xc0000005) at pc=0x00007ffbf553e350, pid=13764, tid=11228
#
# JRE version: OpenJDK Runtime Environment Microsoft-11369865 (17.0.15+6) (build 17.0.15+6-LTS)
# Java VM: OpenJDK 64-Bit Server VM Microsoft-11369865 (17.0.15+6-LTS, mixed mode, sharing, tiered, compressed oops, compressed class ptrs, g1 gc, windows-amd64)
# Problematic frame:
# V  [jvm.dll+0x14e350]
#
# No core dump will be written. Minidumps are not enabled by default on client versions of Windows
#
# If you would like to submit a bug report, please visit:
#   https://github.com/microsoft/openjdk/issues
#

---------------  S U M M A R Y ------------

Command Line: -javaagent:D:\IntelliJ IDEA Community Edition 2025.1\lib\idea_rt.jar=54563 -Dfile.encoding=UTF-8 com.anstay.AnstayApplication

Host: AMD Ryzen 7 4800H with Radeon Graphics         , 16 cores, 7G,  Windows 10 , 64 bit Build 19041 (10.0.19041.928)
Time: Fri Jun 13 13:32:58 2025 SE Asia Standard Time elapsed time: 0.116916 seconds (0d 0h 0m 0s)

---------------  T H R E A D  ---------------

Current thread (0x0000020839ed34e0):  JavaThread "C1 CompilerThread0" daemon [_thread_in_native, id=11228, stack(0x000000c65a200000,0x000000c65a300000)]


Current CompileTask:
C1:    116  115       3       jdk.internal.module.ModuleReferenceImpl::hashCode (56 bytes)

Stack: [0x000000c65a200000,0x000000c65a300000],  sp=0x000000c65a2fe560,  free space=1017k
Native frames: (J=compiled Java code, j=interpreted, Vv=VM code, C=native code)
V  [jvm.dll+0x14e350]
V  [jvm.dll+0x1423a5]
V  [jvm.dll+0x140525]
V  [jvm.dll+0x13a633]
V  [jvm.dll+0x149c76]
V  [jvm.dll+0x135da5]
V  [jvm.dll+0x136120]
V  [jvm.dll+0x1363f8]
V  [jvm.dll+0x135861]
V  [jvm.dll+0x13755d]
V  [jvm.dll+0x22a39a]
V  [jvm.dll+0x2284db]
V  [jvm.dll+0x7f4e28]
V  [jvm.dll+0x7ef2dc]
V  [jvm.dll+0x687687]
C  [ucrtbase.dll+0x21bb2]
C  [KERNEL32.DLL+0x17034]
C  [ntdll.dll+0x52651]


siginfo: EXCEPTION_ACCESS_VIOLATION (0xc0000005), reading address 0x000000000000001b


Registers:
RAX=0x000000000000000f, RBX=0x000002087f040024, RCX=0x0000000000000001, RDX=0x0000000000000001
RSP=0x000000c65a2fe560, RBP=0x000000c65a2fe650, RSI=0x000002087f040f30, RDI=0x0000000000000000
R8 =0x000002087f04eb40, R9 =0x0000000000000001, R10=0x000002087f040f88, R11=0x0000000000000002
R12=0x0000000000000000, R13=0x000002087f040ed0, R14=0x0000000000000000, R15=0x000002087f03ffa0
RIP=0x00007ffbf553e350, EFLAGS=0x0000000000010202

XMM[0]=0x0000000000000002 0x000002087f040f90
XMM[1]=0x0000000000000000 0x000002087f040101
XMM[2]=0x0000000000000000 0x0000000000000000
XMM[3]=0x0000000000000000 0x0000000000000000
XMM[4]=0x0000000000000000 0x0000000000000000
XMM[5]=0x10b80004eaec681b 0x2b103c600010b800
XMM[6]=0x0000000000000000 0x0000000000000000
XMM[7]=0x0000000000000000 0x0000000000000000
XMM[8]=0x0000000000000000 0x0000000000000000
XMM[9]=0x0000000000000000 0x0000000000000000
XMM[10]=0x0000000000000000 0x0000000000000000
XMM[11]=0x0000000000000000 0x0000000000000000
XMM[12]=0x0000000000000000 0x0000000000000000
XMM[13]=0x0000000000000000 0x0000000000000000
XMM[14]=0x0000000000000000 0x0000000000000000
XMM[15]=0x0000000000000000 0x0000000000000000
  MXCSR=0x00001fa0


Register to memory mapping:

RIP=0x00007ffbf553e350 jvm.dll
RAX=0x000000000000000f is an unknown value
RBX=0x000002087f040024 points into unknown readable memory: 00 00 00 00
RCX=0x0000000000000001 is an unknown value
RDX=0x0000000000000001 is an unknown value
RSP=0x000000c65a2fe560 is pointing into the stack for thread: 0x0000020839ed34e0
RBP=0x000000c65a2fe650 is pointing into the stack for thread: 0x0000020839ed34e0
RSI=0x000002087f040f30 points into unknown readable memory: 0x000002087f03f950 | 50 f9 03 7f 08 02 00 00
RDI=0x0 is NULL
R8 =0x000002087f04eb40 points into unknown readable memory: 0x0000000000000000 | 00 00 00 00 00 00 00 00
R9 =0x0000000000000001 is an unknown value
R10=0x000002087f040f88 points into unknown readable memory: 0x0000000000000000 | 00 00 00 00 00 00 00 00
R11=0x0000000000000002 is an unknown value
R12=0x0 is NULL
R13=0x000002087f040ed0 points into unknown readable memory: 0x000002087f03f950 | 50 f9 03 7f 08 02 00 00
R14=0x0 is NULL
R15=0x000002087f03ffa0 points into unknown readable memory: 0x00007ffbf5d202e8 | e8 02 d2 f5 fb 7f 00 00


Top of Stack: (sp=0x000000c65a2fe560)
0x000000c65a2fe560:   000002087f040024 000000c65a2fe650
0x000000c65a2fe570:   000002087f040f30 0000000000000000
0x000000c65a2fe580:   000002087f040f90 0000000000000002
0x000000c65a2fe590:   000002087f040101 00007ffbf553df4e
0x000000c65a2fe5a0:   0000000000000000 0000000000000000
0x000000c65a2fe5b0:   000000c65a2ff000 0000000000000001
0x000000c65a2fe5c0:   000000c65a2fe830 000000c65a2fe650
0x000000c65a2fe5d0:   000002087f040e00 00007ffbf55323a5
0x000000c65a2fe5e0:   000002087f040e00 000002087f040ed0
0x000000c65a2fe5f0:   00007ffbf53f0000 0000000000000000
0x000000c65a2fe600:   000002087f01ca80 000002087f01c9d0
0x000000c65a2fe610:   000002087f01e0f6 0000000000000000
0x000000c65a2fe620:   0000000000000000 000002087f01e0f0
0x000000c65a2fe630:   000002087f01e128 000002087f01e0f9
0x000000c65a2fe640:   0000009a0000009a 000002087f040920
0x000000c65a2fe650:   ffffffffffffffff 0000000000000000
0x000000c65a2fe660:   000000c65a2ff090 0000000000000000
0x000000c65a2fe670:   000002087f03fd00 000002087f040920
0x000000c65a2fe680:   0000000000000000 00007ffbf5530525
0x000000c65a2fe690:   0000000000000000 000002087f040900
0x000000c65a2fe6a0:   000000c65a2fe830 000000c65a2fe7c0
0x000000c65a2fe6b0:   000002087f03f950 00007ffbf552a633
0x000000c65a2fe6c0:   000000c65a2fe830 000000c65a2fe7c0
0x000000c65a2fe6d0:   000002087f03fd00 000002087f01ca80
0x000000c65a2fe6e0:   000002087b02fb80 00007ffbf5a2ed48
0x000000c65a2fe6f0:   0000000000000000 00007ffbf5a33408
0x000000c65a2fe700:   000002081b4e1c10 000002082301e810
0x000000c65a2fe710:   0000020839eb99d0 000002087b02f9c8
0x000000c65a2fe720:   00007ffbf53f0000 000002087f03f980
0x000000c65a2fe730:   00000000000000b0 00007ffbf5a3161f
0x000000c65a2fe740:   000000c65a2fec10 000002087f03f950
0x000000c65a2fe750:   0000001000000005 000002087f03fa90 

Instructions: (pc=0x00007ffbf553e350)
0x00007ffbf553e250:   41 5e 5b c3 48 85 c0 78 ba ff c2 41 3b d1 7d 33
0x00007ffbf553e260:   4c 8d 04 c5 08 00 00 00 0f 1f 84 00 00 00 00 00
0x00007ffbf553e270:   48 8b 8b c0 00 00 00 4d 8d 40 08 ff c2 4a 8b 44
0x00007ffbf553e280:   01 f8 4a 89 44 01 f0 44 8b 8b b8 00 00 00 41 3b
0x00007ffbf553e290:   d1 7c dd 41 8d 41 ff 89 83 b8 00 00 00 e9 3e ff
0x00007ffbf553e2a0:   ff ff cc cc cc cc cc cc cc cc cc cc cc cc cc cc
0x00007ffbf553e2b0:   48 89 54 24 10 53 55 56 57 41 55 41 56 41 57 48
0x00007ffbf553e2c0:   83 ec 40 48 8b 71 60 4c 8b ea 4c 8b f9 48 85 f6
0x00007ffbf553e2d0:   0f 85 b7 01 00 00 48 8d 99 84 00 00 00 8b 03 c1
0x00007ffbf553e2e0:   e8 06 a8 01 0f 85 cc 03 00 00 8b 71 6c b9 50 00
0x00007ffbf553e2f0:   00 00 e8 e9 06 fc ff 33 ff 48 85 c0 74 17 44 8b
0x00007ffbf553e300:   ce 44 8d 47 06 49 8b d5 48 8b c8 e8 00 24 04 00
0x00007ffbf553e310:   48 8b f0 eb 03 48 8b f7 48 8b 0e 48 8d 54 24 20
0x00007ffbf553e320:   45 8b 47 6c 48 8b 49 18 e8 83 19 08 00 40 38 7c
0x00007ffbf553e330:   24 30 74 6b 44 8b 5e 18 44 8b cf 45 85 db 7e 5f
0x00007ffbf553e340:   48 8b 46 20 49 63 c9 4c 8b 04 c8 4c 8d 14 c8 4d
0x00007ffbf553e350:   85 c0 74 37 0f b6 c1 48 c1 e9 06 24 3f 0f b6 d0
0x00007ffbf553e360:   48 8b 44 24 20 48 8b 0c c8 48 0f a3 d1 73 0a 49
0x00007ffbf553e370:   8b 40 18 83 78 0c 08 75 03 49 89 3a 49 8b 40 18
0x00007ffbf553e380:   83 78 0c 08 74 05 8b 40 08 eb 05 b8 01 00 00 00
0x00007ffbf553e390:   44 03 c8 45 3b cb 7c a8 49 8d 9f 84 00 00 00 8b
0x00007ffbf553e3a0:   03 c1 e8 07 a8 01 0f 84 cc 00 00 00 44 8b 76 30
0x00007ffbf553e3b0:   8b ef 45 85 f6 7e 2e 66 0f 1f 84 00 00 00 00 00
0x00007ffbf553e3c0:   48 8b 46 38 44 8b c5 48 63 cd 49 8b d7 48 8b 1c
0x00007ffbf553e3d0:   c8 48 8b ce e8 17 2b 04 00 48 8b 43 18 03 68 08
0x00007ffbf553e3e0:   41 3b ee 7c db 8b 6e 18 4c 8b 36 85 ed 0f 8e 85
0x00007ffbf553e3f0:   00 00 00 0f 1f 40 00 66 0f 1f 84 00 00 00 00 00
0x00007ffbf553e400:   48 8b 46 20 48 63 d7 48 8b 1c d0 48 85 db 74 5d
0x00007ffbf553e410:   4d 8b 46 50 0f b6 c2 24 3f 0f b6 c8 48 8b c2 48
0x00007ffbf553e420:   c1 e8 06 49 8b 04 c0 48 0f a3 c8 72 23 48 8b 43
0x00007ffbf553e430:   18 83 78 08 02 75 27 48 ff c2 0f b6 c2 48 c1 ea
0x00007ffbf553e440:   06 24 3f 0f b6 c8 49 8b 04 d0 48 0f a3 c8 73 0e 


Stack slot to memory mapping:
stack at sp + 0 slots: 0x000002087f040024 points into unknown readable memory: 00 00 00 00
stack at sp + 1 slots: 0x000000c65a2fe650 is pointing into the stack for thread: 0x0000020839ed34e0
stack at sp + 2 slots: 0x000002087f040f30 points into unknown readable memory: 0x000002087f03f950 | 50 f9 03 7f 08 02 00 00
stack at sp + 3 slots: 0x0 is NULL
stack at sp + 4 slots: 0x000002087f040f90 points into unknown readable memory: 0x0000000000000001 | 01 00 00 00 00 00 00 00
stack at sp + 5 slots: 0x0000000000000002 is an unknown value
stack at sp + 6 slots: 0x000002087f040101 points into unknown readable memory: 00 00 00 00 00 00 00
stack at sp + 7 slots: 0x00007ffbf553df4e jvm.dll


---------------  P R O C E S S  ---------------

Threads class SMR info:
_java_thread_list=0x0000020839f09be0, length=14, elements={
0x000002081b4ad7a0, 0x0000020839eab8f0, 0x0000020839eac570, 0x0000020839ebb1a0,
0x0000020839ebbb60, 0x0000020839ebc520, 0x0000020839ebcee0, 0x0000020839ebdc80,
0x0000020839ed34e0, 0x0000020839f052e0, 0x0000020839e92c40, 0x000002087f0e5690,
0x000002087f0e65d0, 0x000002087f119890
}

Java Threads: ( => current thread )
  0x000002081b4ad7a0 JavaThread "main" [_thread_in_native, id=11568, stack(0x000000c659400000,0x000000c659500000)]
  0x0000020839eab8f0 JavaThread "Reference Handler" daemon [_thread_blocked, id=3712, stack(0x000000c659b00000,0x000000c659c00000)]
  0x0000020839eac570 JavaThread "Finalizer" daemon [_thread_blocked, id=8632, stack(0x000000c659c00000,0x000000c659d00000)]
  0x0000020839ebb1a0 JavaThread "Signal Dispatcher" daemon [_thread_blocked, id=2352, stack(0x000000c659d00000,0x000000c659e00000)]
  0x0000020839ebbb60 JavaThread "Attach Listener" daemon [_thread_blocked, id=9256, stack(0x000000c659e00000,0x000000c659f00000)]
  0x0000020839ebc520 JavaThread "Service Thread" daemon [_thread_blocked, id=10092, stack(0x000000c659f00000,0x000000c65a000000)]
  0x0000020839ebcee0 JavaThread "Monitor Deflation Thread" daemon [_thread_blocked, id=7488, stack(0x000000c65a000000,0x000000c65a100000)]
  0x0000020839ebdc80 JavaThread "C2 CompilerThread0" daemon [_thread_blocked, id=12220, stack(0x000000c65a100000,0x000000c65a200000)]
=>0x0000020839ed34e0 JavaThread "C1 CompilerThread0" daemon [_thread_in_native, id=11228, stack(0x000000c65a200000,0x000000c65a300000)]
  0x0000020839f052e0 JavaThread "Sweeper thread" daemon [_thread_blocked, id=12540, stack(0x000000c65a300000,0x000000c65a400000)]
  0x0000020839e92c40 JavaThread "Common-Cleaner" daemon [_thread_blocked, id=12072, stack(0x000000c65a400000,0x000000c65a500000)]
  0x000002087f0e5690 JavaThread "C1 CompilerThread1" daemon [_thread_blocked, id=13804, stack(0x000000c65a500000,0x000000c65a600000)]
  0x000002087f0e65d0 JavaThread "C1 CompilerThread2" daemon [_thread_blocked, id=9760, stack(0x000000c65a600000,0x000000c65a700000)]
  0x000002087f119890 JavaThread "C2 CompilerThread1" daemon [_thread_blocked, id=11804, stack(0x000000c65a700000,0x000000c65a800000)]

Other Threads:
  0x0000020839ea5f20 VMThread "VM Thread" [stack: 0x000000c659a00000,0x000000c659b00000] [id=11436]
  0x000002081b5077f0 GCTaskThread "GC Thread#0" [stack: 0x000000c659500000,0x000000c659600000] [id=13384]
  0x000002081b5174c0 ConcurrentGCThread "G1 Main Marker" [stack: 0x000000c659600000,0x000000c659700000] [id=13460]
  0x000002081b517ee0 ConcurrentGCThread "G1 Conc#0" [stack: 0x000000c659700000,0x000000c659800000] [id=13564]
  0x0000020839d5adc0 ConcurrentGCThread "G1 Refine#0" [stack: 0x000000c659800000,0x000000c659900000] [id=13508]
  0x0000020839d5b600 ConcurrentGCThread "G1 Service" [stack: 0x000000c659900000,0x000000c659a00000] [id=13596]

Threads with active compile tasks:
C1 CompilerThread0      136  115       3       jdk.internal.module.ModuleReferenceImpl::hashCode (56 bytes)

VM state: not at safepoint (normal execution)

VM Mutex/Monitor currently owned by a thread: None

Heap address: 0x0000000089400000, size: 1900 MB, Compressed Oops mode: 32-bit

CDS archive(s) mapped at: [0x000002083a000000-0x000002083abb0000-0x000002083abb0000), size 12255232, SharedBaseAddress: 0x000002083a000000, ArchiveRelocationMode: 1.
Compressed class space mapped at: 0x000002083b000000-0x000002087b000000, reserved size: 1073741824
Narrow klass base: 0x000002083a000000, Narrow klass shift: 0, Narrow klass range: 0x100000000

GC Precious Log:
 CPUs: 16 total, 16 available
 Memory: 7599M
 Large Page Support: Disabled
 NUMA Support: Disabled
 Compressed Oops: Enabled (32-bit)
 Heap Region Size: 1M
 Heap Min Capacity: 8M
 Heap Initial Capacity: 120M
 Heap Max Capacity: 1900M
 Pre-touch: Disabled
 Parallel Workers: 13
 Concurrent Workers: 3
 Concurrent Refinement Workers: 13
 Periodic GC: Disabled

Heap:
 garbage-first heap   total 122880K, used 2048K [0x0000000089400000, 0x0000000100000000)
  region size 1024K, 3 young (3072K), 0 survivors (0K)
 Metaspace       used 303K, committed 512K, reserved 1114112K
  class space    used 12K, committed 128K, reserved 1048576K

Heap Regions: E=young(eden), S=young(survivor), O=old, HS=humongous(starts), HC=humongous(continues), CS=collection set, F=free, OA=open archive, CA=closed archive, TAMS=top-at-mark-start (previous, next)
|   0|0x0000000089400000, 0x0000000089400000, 0x0000000089500000|  0%| F|  |TAMS 0x0000000089400000, 0x0000000089400000| Untracked 
|   1|0x0000000089500000, 0x0000000089500000, 0x0000000089600000|  0%| F|  |TAMS 0x0000000089500000, 0x0000000089500000| Untracked 
|   2|0x0000000089600000, 0x0000000089600000, 0x0000000089700000|  0%| F|  |TAMS 0x0000000089600000, 0x0000000089600000| Untracked 
|   3|0x0000000089700000, 0x0000000089700000, 0x0000000089800000|  0%| F|  |TAMS 0x0000000089700000, 0x0000000089700000| Untracked 
|   4|0x0000000089800000, 0x0000000089800000, 0x0000000089900000|  0%| F|  |TAMS 0x0000000089800000, 0x0000000089800000| Untracked 
|   5|0x0000000089900000, 0x0000000089900000, 0x0000000089a00000|  0%| F|  |TAMS 0x0000000089900000, 0x0000000089900000| Untracked 
|   6|0x0000000089a00000, 0x0000000089a00000, 0x0000000089b00000|  0%| F|  |TAMS 0x0000000089a00000, 0x0000000089a00000| Untracked 
|   7|0x0000000089b00000, 0x0000000089b00000, 0x0000000089c00000|  0%| F|  |TAMS 0x0000000089b00000, 0x0000000089b00000| Untracked 
|   8|0x0000000089c00000, 0x0000000089c00000, 0x0000000089d00000|  0%| F|  |TAMS 0x0000000089c00000, 0x0000000089c00000| Untracked 
|   9|0x0000000089d00000, 0x0000000089d00000, 0x0000000089e00000|  0%| F|  |TAMS 0x0000000089d00000, 0x0000000089d00000| Untracked 
|  10|0x0000000089e00000, 0x0000000089e00000, 0x0000000089f00000|  0%| F|  |TAMS 0x0000000089e00000, 0x0000000089e00000| Untracked 
|  11|0x0000000089f00000, 0x0000000089f00000, 0x000000008a000000|  0%| F|  |TAMS 0x0000000089f00000, 0x0000000089f00000| Untracked 
|  12|0x000000008a000000, 0x000000008a000000, 0x000000008a100000|  0%| F|  |TAMS 0x000000008a000000, 0x000000008a000000| Untracked 
|  13|0x000000008a100000, 0x000000008a100000, 0x000000008a200000|  0%| F|  |TAMS 0x000000008a100000, 0x000000008a100000| Untracked 
|  14|0x000000008a200000, 0x000000008a200000, 0x000000008a300000|  0%| F|  |TAMS 0x000000008a200000, 0x000000008a200000| Untracked 
|  15|0x000000008a300000, 0x000000008a300000, 0x000000008a400000|  0%| F|  |TAMS 0x000000008a300000, 0x000000008a300000| Untracked 
|  16|0x000000008a400000, 0x000000008a400000, 0x000000008a500000|  0%| F|  |TAMS 0x000000008a400000, 0x000000008a400000| Untracked 
|  17|0x000000008a500000, 0x000000008a500000, 0x000000008a600000|  0%| F|  |TAMS 0x000000008a500000, 0x000000008a500000| Untracked 
|  18|0x000000008a600000, 0x000000008a600000, 0x000000008a700000|  0%| F|  |TAMS 0x000000008a600000, 0x000000008a600000| Untracked 
|  19|0x000000008a700000, 0x000000008a700000, 0x000000008a800000|  0%| F|  |TAMS 0x000000008a700000, 0x000000008a700000| Untracked 
|  20|0x000000008a800000, 0x000000008a800000, 0x000000008a900000|  0%| F|  |TAMS 0x000000008a800000, 0x000000008a800000| Untracked 
|  21|0x000000008a900000, 0x000000008a900000, 0x000000008aa00000|  0%| F|  |TAMS 0x000000008a900000, 0x000000008a900000| Untracked 
|  22|0x000000008aa00000, 0x000000008aa00000, 0x000000008ab00000|  0%| F|  |TAMS 0x000000008aa00000, 0x000000008aa00000| Untracked 
|  23|0x000000008ab00000, 0x000000008ab00000, 0x000000008ac00000|  0%| F|  |TAMS 0x000000008ab00000, 0x000000008ab00000| Untracked 
|  24|0x000000008ac00000, 0x000000008ac00000, 0x000000008ad00000|  0%| F|  |TAMS 0x000000008ac00000, 0x000000008ac00000| Untracked 
|  25|0x000000008ad00000, 0x000000008ad00000, 0x000000008ae00000|  0%| F|  |TAMS 0x000000008ad00000, 0x000000008ad00000| Untracked 
|  26|0x000000008ae00000, 0x000000008ae00000, 0x000000008af00000|  0%| F|  |TAMS 0x000000008ae00000, 0x000000008ae00000| Untracked 
|  27|0x000000008af00000, 0x000000008af00000, 0x000000008b000000|  0%| F|  |TAMS 0x000000008af00000, 0x000000008af00000| Untracked 
|  28|0x000000008b000000, 0x000000008b000000, 0x000000008b100000|  0%| F|  |TAMS 0x000000008b000000, 0x000000008b000000| Untracked 
|  29|0x000000008b100000, 0x000000008b100000, 0x000000008b200000|  0%| F|  |TAMS 0x000000008b100000, 0x000000008b100000| Untracked 
|  30|0x000000008b200000, 0x000000008b200000, 0x000000008b300000|  0%| F|  |TAMS 0x000000008b200000, 0x000000008b200000| Untracked 
|  31|0x000000008b300000, 0x000000008b300000, 0x000000008b400000|  0%| F|  |TAMS 0x000000008b300000, 0x000000008b300000| Untracked 
|  32|0x000000008b400000, 0x000000008b400000, 0x000000008b500000|  0%| F|  |TAMS 0x000000008b400000, 0x000000008b400000| Untracked 
|  33|0x000000008b500000, 0x000000008b500000, 0x000000008b600000|  0%| F|  |TAMS 0x000000008b500000, 0x000000008b500000| Untracked 
|  34|0x000000008b600000, 0x000000008b600000, 0x000000008b700000|  0%| F|  |TAMS 0x000000008b600000, 0x000000008b600000| Untracked 
|  35|0x000000008b700000, 0x000000008b700000, 0x000000008b800000|  0%| F|  |TAMS 0x000000008b700000, 0x000000008b700000| Untracked 
|  36|0x000000008b800000, 0x000000008b800000, 0x000000008b900000|  0%| F|  |TAMS 0x000000008b800000, 0x000000008b800000| Untracked 
|  37|0x000000008b900000, 0x000000008b900000, 0x000000008ba00000|  0%| F|  |TAMS 0x000000008b900000, 0x000000008b900000| Untracked 
|  38|0x000000008ba00000, 0x000000008ba00000, 0x000000008bb00000|  0%| F|  |TAMS 0x000000008ba00000, 0x000000008ba00000| Untracked 
|  39|0x000000008bb00000, 0x000000008bb00000, 0x000000008bc00000|  0%| F|  |TAMS 0x000000008bb00000, 0x000000008bb00000| Untracked 
|  40|0x000000008bc00000, 0x000000008bc00000, 0x000000008bd00000|  0%| F|  |TAMS 0x000000008bc00000, 0x000000008bc00000| Untracked 
|  41|0x000000008bd00000, 0x000000008bd00000, 0x000000008be00000|  0%| F|  |TAMS 0x000000008bd00000, 0x000000008bd00000| Untracked 
|  42|0x000000008be00000, 0x000000008be00000, 0x000000008bf00000|  0%| F|  |TAMS 0x000000008be00000, 0x000000008be00000| Untracked 
|  43|0x000000008bf00000, 0x000000008bf00000, 0x000000008c000000|  0%| F|  |TAMS 0x000000008bf00000, 0x000000008bf00000| Untracked 
|  44|0x000000008c000000, 0x000000008c000000, 0x000000008c100000|  0%| F|  |TAMS 0x000000008c000000, 0x000000008c000000| Untracked 
|  45|0x000000008c100000, 0x000000008c100000, 0x000000008c200000|  0%| F|  |TAMS 0x000000008c100000, 0x000000008c100000| Untracked 
|  46|0x000000008c200000, 0x000000008c200000, 0x000000008c300000|  0%| F|  |TAMS 0x000000008c200000, 0x000000008c200000| Untracked 
|  47|0x000000008c300000, 0x000000008c300000, 0x000000008c400000|  0%| F|  |TAMS 0x000000008c300000, 0x000000008c300000| Untracked 
|  48|0x000000008c400000, 0x000000008c400000, 0x000000008c500000|  0%| F|  |TAMS 0x000000008c400000, 0x000000008c400000| Untracked 
|  49|0x000000008c500000, 0x000000008c500000, 0x000000008c600000|  0%| F|  |TAMS 0x000000008c500000, 0x000000008c500000| Untracked 
|  50|0x000000008c600000, 0x000000008c600000, 0x000000008c700000|  0%| F|  |TAMS 0x000000008c600000, 0x000000008c600000| Untracked 
|  51|0x000000008c700000, 0x000000008c700000, 0x000000008c800000|  0%| F|  |TAMS 0x000000008c700000, 0x000000008c700000| Untracked 
|  52|0x000000008c800000, 0x000000008c800000, 0x000000008c900000|  0%| F|  |TAMS 0x000000008c800000, 0x000000008c800000| Untracked 
|  53|0x000000008c900000, 0x000000008c900000, 0x000000008ca00000|  0%| F|  |TAMS 0x000000008c900000, 0x000000008c900000| Untracked 
|  54|0x000000008ca00000, 0x000000008ca00000, 0x000000008cb00000|  0%| F|  |TAMS 0x000000008ca00000, 0x000000008ca00000| Untracked 
|  55|0x000000008cb00000, 0x000000008cb00000, 0x000000008cc00000|  0%| F|  |TAMS 0x000000008cb00000, 0x000000008cb00000| Untracked 
|  56|0x000000008cc00000, 0x000000008cc00000, 0x000000008cd00000|  0%| F|  |TAMS 0x000000008cc00000, 0x000000008cc00000| Untracked 
|  57|0x000000008cd00000, 0x000000008cd00000, 0x000000008ce00000|  0%| F|  |TAMS 0x000000008cd00000, 0x000000008cd00000| Untracked 
|  58|0x000000008ce00000, 0x000000008ce00000, 0x000000008cf00000|  0%| F|  |TAMS 0x000000008ce00000, 0x000000008ce00000| Untracked 
|  59|0x000000008cf00000, 0x000000008cf00000, 0x000000008d000000|  0%| F|  |TAMS 0x000000008cf00000, 0x000000008cf00000| Untracked 
|  60|0x000000008d000000, 0x000000008d000000, 0x000000008d100000|  0%| F|  |TAMS 0x000000008d000000, 0x000000008d000000| Untracked 
|  61|0x000000008d100000, 0x000000008d100000, 0x000000008d200000|  0%| F|  |TAMS 0x000000008d100000, 0x000000008d100000| Untracked 
|  62|0x000000008d200000, 0x000000008d200000, 0x000000008d300000|  0%| F|  |TAMS 0x000000008d200000, 0x000000008d200000| Untracked 
|  63|0x000000008d300000, 0x000000008d300000, 0x000000008d400000|  0%| F|  |TAMS 0x000000008d300000, 0x000000008d300000| Untracked 
|  64|0x000000008d400000, 0x000000008d400000, 0x000000008d500000|  0%| F|  |TAMS 0x000000008d400000, 0x000000008d400000| Untracked 
|  65|0x000000008d500000, 0x000000008d500000, 0x000000008d600000|  0%| F|  |TAMS 0x000000008d500000, 0x000000008d500000| Untracked 
|  66|0x000000008d600000, 0x000000008d600000, 0x000000008d700000|  0%| F|  |TAMS 0x000000008d600000, 0x000000008d600000| Untracked 
|  67|0x000000008d700000, 0x000000008d700000, 0x000000008d800000|  0%| F|  |TAMS 0x000000008d700000, 0x000000008d700000| Untracked 
|  68|0x000000008d800000, 0x000000008d800000, 0x000000008d900000|  0%| F|  |TAMS 0x000000008d800000, 0x000000008d800000| Untracked 
|  69|0x000000008d900000, 0x000000008d900000, 0x000000008da00000|  0%| F|  |TAMS 0x000000008d900000, 0x000000008d900000| Untracked 
|  70|0x000000008da00000, 0x000000008da00000, 0x000000008db00000|  0%| F|  |TAMS 0x000000008da00000, 0x000000008da00000| Untracked 
|  71|0x000000008db00000, 0x000000008db00000, 0x000000008dc00000|  0%| F|  |TAMS 0x000000008db00000, 0x000000008db00000| Untracked 
|  72|0x000000008dc00000, 0x000000008dc00000, 0x000000008dd00000|  0%| F|  |TAMS 0x000000008dc00000, 0x000000008dc00000| Untracked 
|  73|0x000000008dd00000, 0x000000008dd00000, 0x000000008de00000|  0%| F|  |TAMS 0x000000008dd00000, 0x000000008dd00000| Untracked 
|  74|0x000000008de00000, 0x000000008de00000, 0x000000008df00000|  0%| F|  |TAMS 0x000000008de00000, 0x000000008de00000| Untracked 
|  75|0x000000008df00000, 0x000000008df00000, 0x000000008e000000|  0%| F|  |TAMS 0x000000008df00000, 0x000000008df00000| Untracked 
|  76|0x000000008e000000, 0x000000008e000000, 0x000000008e100000|  0%| F|  |TAMS 0x000000008e000000, 0x000000008e000000| Untracked 
|  77|0x000000008e100000, 0x000000008e100000, 0x000000008e200000|  0%| F|  |TAMS 0x000000008e100000, 0x000000008e100000| Untracked 
|  78|0x000000008e200000, 0x000000008e200000, 0x000000008e300000|  0%| F|  |TAMS 0x000000008e200000, 0x000000008e200000| Untracked 
|  79|0x000000008e300000, 0x000000008e300000, 0x000000008e400000|  0%| F|  |TAMS 0x000000008e300000, 0x000000008e300000| Untracked 
|  80|0x000000008e400000, 0x000000008e400000, 0x000000008e500000|  0%| F|  |TAMS 0x000000008e400000, 0x000000008e400000| Untracked 
|  81|0x000000008e500000, 0x000000008e500000, 0x000000008e600000|  0%| F|  |TAMS 0x000000008e500000, 0x000000008e500000| Untracked 
|  82|0x000000008e600000, 0x000000008e600000, 0x000000008e700000|  0%| F|  |TAMS 0x000000008e600000, 0x000000008e600000| Untracked 
|  83|0x000000008e700000, 0x000000008e700000, 0x000000008e800000|  0%| F|  |TAMS 0x000000008e700000, 0x000000008e700000| Untracked 
|  84|0x000000008e800000, 0x000000008e800000, 0x000000008e900000|  0%| F|  |TAMS 0x000000008e800000, 0x000000008e800000| Untracked 
|  85|0x000000008e900000, 0x000000008e900000, 0x000000008ea00000|  0%| F|  |TAMS 0x000000008e900000, 0x000000008e900000| Untracked 
|  86|0x000000008ea00000, 0x000000008ea00000, 0x000000008eb00000|  0%| F|  |TAMS 0x000000008ea00000, 0x000000008ea00000| Untracked 
|  87|0x000000008eb00000, 0x000000008eb00000, 0x000000008ec00000|  0%| F|  |TAMS 0x000000008eb00000, 0x000000008eb00000| Untracked 
|  88|0x000000008ec00000, 0x000000008ec00000, 0x000000008ed00000|  0%| F|  |TAMS 0x000000008ec00000, 0x000000008ec00000| Untracked 
|  89|0x000000008ed00000, 0x000000008ed00000, 0x000000008ee00000|  0%| F|  |TAMS 0x000000008ed00000, 0x000000008ed00000| Untracked 
|  90|0x000000008ee00000, 0x000000008ee00000, 0x000000008ef00000|  0%| F|  |TAMS 0x000000008ee00000, 0x000000008ee00000| Untracked 
|  91|0x000000008ef00000, 0x000000008ef00000, 0x000000008f000000|  0%| F|  |TAMS 0x000000008ef00000, 0x000000008ef00000| Untracked 
|  92|0x000000008f000000, 0x000000008f000000, 0x000000008f100000|  0%| F|  |TAMS 0x000000008f000000, 0x000000008f000000| Untracked 
|  93|0x000000008f100000, 0x000000008f100000, 0x000000008f200000|  0%| F|  |TAMS 0x000000008f100000, 0x000000008f100000| Untracked 
|  94|0x000000008f200000, 0x000000008f200000, 0x000000008f300000|  0%| F|  |TAMS 0x000000008f200000, 0x000000008f200000| Untracked 
|  95|0x000000008f300000, 0x000000008f300000, 0x000000008f400000|  0%| F|  |TAMS 0x000000008f300000, 0x000000008f300000| Untracked 
|  96|0x000000008f400000, 0x000000008f400000, 0x000000008f500000|  0%| F|  |TAMS 0x000000008f400000, 0x000000008f400000| Untracked 
|  97|0x000000008f500000, 0x000000008f500000, 0x000000008f600000|  0%| F|  |TAMS 0x000000008f500000, 0x000000008f500000| Untracked 
|  98|0x000000008f600000, 0x000000008f600000, 0x000000008f700000|  0%| F|  |TAMS 0x000000008f600000, 0x000000008f600000| Untracked 
|  99|0x000000008f700000, 0x000000008f700000, 0x000000008f800000|  0%| F|  |TAMS 0x000000008f700000, 0x000000008f700000| Untracked 
| 100|0x000000008f800000, 0x000000008f800000, 0x000000008f900000|  0%| F|  |TAMS 0x000000008f800000, 0x000000008f800000| Untracked 
| 101|0x000000008f900000, 0x000000008f900000, 0x000000008fa00000|  0%| F|  |TAMS 0x000000008f900000, 0x000000008f900000| Untracked 
| 102|0x000000008fa00000, 0x000000008fa00000, 0x000000008fb00000|  0%| F|  |TAMS 0x000000008fa00000, 0x000000008fa00000| Untracked 
| 103|0x000000008fb00000, 0x000000008fb00000, 0x000000008fc00000|  0%| F|  |TAMS 0x000000008fb00000, 0x000000008fb00000| Untracked 
| 104|0x000000008fc00000, 0x000000008fc00000, 0x000000008fd00000|  0%| F|  |TAMS 0x000000008fc00000, 0x000000008fc00000| Untracked 
| 105|0x000000008fd00000, 0x000000008fd00000, 0x000000008fe00000|  0%| F|  |TAMS 0x000000008fd00000, 0x000000008fd00000| Untracked 
| 106|0x000000008fe00000, 0x000000008fe00000, 0x000000008ff00000|  0%| F|  |TAMS 0x000000008fe00000, 0x000000008fe00000| Untracked 
| 107|0x000000008ff00000, 0x000000008ff00000, 0x0000000090000000|  0%| F|  |TAMS 0x000000008ff00000, 0x000000008ff00000| Untracked 
| 108|0x0000000090000000, 0x0000000090000000, 0x0000000090100000|  0%| F|  |TAMS 0x0000000090000000, 0x0000000090000000| Untracked 
| 109|0x0000000090100000, 0x0000000090100000, 0x0000000090200000|  0%| F|  |TAMS 0x0000000090100000, 0x0000000090100000| Untracked 
| 110|0x0000000090200000, 0x0000000090200000, 0x0000000090300000|  0%| F|  |TAMS 0x0000000090200000, 0x0000000090200000| Untracked 
| 111|0x0000000090300000, 0x0000000090300000, 0x0000000090400000|  0%| F|  |TAMS 0x0000000090300000, 0x0000000090300000| Untracked 
| 112|0x0000000090400000, 0x0000000090400000, 0x0000000090500000|  0%| F|  |TAMS 0x0000000090400000, 0x0000000090400000| Untracked 
| 113|0x0000000090500000, 0x0000000090500000, 0x0000000090600000|  0%| F|  |TAMS 0x0000000090500000, 0x0000000090500000| Untracked 
| 114|0x0000000090600000, 0x0000000090600000, 0x0000000090700000|  0%| F|  |TAMS 0x0000000090600000, 0x0000000090600000| Untracked 
| 115|0x0000000090700000, 0x0000000090700000, 0x0000000090800000|  0%| F|  |TAMS 0x0000000090700000, 0x0000000090700000| Untracked 
| 116|0x0000000090800000, 0x0000000090800000, 0x0000000090900000|  0%| F|  |TAMS 0x0000000090800000, 0x0000000090800000| Untracked 
| 117|0x0000000090900000, 0x0000000090975c40, 0x0000000090a00000| 46%| E|  |TAMS 0x0000000090900000, 0x0000000090900000| Complete 
| 118|0x0000000090a00000, 0x0000000090b00000, 0x0000000090b00000|100%| E|CS|TAMS 0x0000000090a00000, 0x0000000090a00000| Complete 
| 119|0x0000000090b00000, 0x0000000090c00000, 0x0000000090c00000|100%| E|CS|TAMS 0x0000000090b00000, 0x0000000090b00000| Complete 

Card table byte_map: [0x0000020832c50000,0x0000020833010000] _byte_map_base: 0x0000020832806000

Marking Bits (Prev, Next): (CMBitMap*) 0x000002081b507e10, (CMBitMap*) 0x000002081b507e50
 Prev Bits: [0x00000208333d0000, 0x0000020835180000)
 Next Bits: [0x0000020835180000, 0x0000020836f30000)

Polling page: 0x0000020819110000

Metaspace:

Usage:
  Non-class:    294.62 KB used.
      Class:     12.81 KB used.
       Both:    307.43 KB used.

Virtual space:
  Non-class space:       64.00 MB reserved,     384.00 KB ( <1%) committed,  1 nodes.
      Class space:        1.00 GB reserved,     128.00 KB ( <1%) committed,  1 nodes.
             Both:        1.06 GB reserved,     512.00 KB ( <1%) committed. 

Chunk freelists:
   Non-Class:  12.00 MB
       Class:  15.75 MB
        Both:  27.75 MB

MaxMetaspaceSize: unlimited
CompressedClassSpaceSize: 1.00 GB
Initial GC threshold: 21.00 MB
Current GC threshold: 21.00 MB
CDS: on
MetaspaceReclaimPolicy: balanced
 - commit_granule_bytes: 65536.
 - commit_granule_words: 8192.
 - virtual_space_node_default_size: 8388608.
 - enlarge_chunks_in_place: 1.
 - new_chunks_are_fully_committed: 0.
 - uncommit_free_chunks: 1.
 - use_allocation_guard: 0.
 - handle_deallocations: 1.


Internal statistics:

num_allocs_failed_limit: 0.
num_arena_births: 4.
num_arena_deaths: 0.
num_vsnodes_births: 2.
num_vsnodes_deaths: 0.
num_space_committed: 8.
num_space_uncommitted: 0.
num_chunks_returned_to_freelist: 0.
num_chunks_taken_from_freelist: 5.
num_chunk_merges: 0.
num_chunk_splits: 3.
num_chunks_enlarged: 1.
num_inconsistent_stats: 0.

CodeHeap 'non-profiled nmethods': size=119168Kb used=64Kb max_used=64Kb free=119103Kb
 bounds [0x000002082aba0000, 0x000002082ae10000, 0x0000020832000000]
CodeHeap 'profiled nmethods': size=119104Kb used=205Kb max_used=205Kb free=118898Kb
 bounds [0x0000020823000000, 0x0000020823270000, 0x000002082a450000]
CodeHeap 'non-nmethods': size=7488Kb used=2221Kb max_used=2221Kb free=5267Kb
 bounds [0x000002082a450000, 0x000002082a6c0000, 0x000002082aba0000]
 total_blobs=561 nmethods=193 adapters=279
 compilation: enabled
              stopped_count=0, restarted_count=0
 full_count=0

Compilation events (20 events):
Event: 0.106 Thread 0x000002087f0e65d0 nmethod 131 0x000002082aba9690 code [0x000002082aba9820, 0x000002082aba98f8]
Event: 0.106 Thread 0x000002087f0e5690  130       1       java.lang.module.ModuleDescriptor$Exports::targets (5 bytes)
Event: 0.106 Thread 0x000002087f0e65d0  117       3       java.util.AbstractSet::<init> (5 bytes)
Event: 0.106 Thread 0x0000020839ebdc80  135       4       java.util.HashMap::afterNodeInsertion (1 bytes)
Event: 0.106 Thread 0x000002087f0e5690 nmethod 130 0x000002082aba9990 code [0x000002082aba9b20, 0x000002082aba9bf8]
Event: 0.106 Thread 0x000002087f0e5690  128       3       java.util.ImmutableCollections$SetN::contains (26 bytes)
Event: 0.106 Thread 0x000002087f0e65d0 nmethod 117 0x0000020823023390 code [0x0000020823023540, 0x00000208230236f8]
Event: 0.106 Thread 0x000002087f0e65d0  116       1       java.lang.module.ModuleDescriptor::isAutomatic (5 bytes)
Event: 0.106 Thread 0x000002087f0e65d0 nmethod 116 0x000002082aba9c90 code [0x000002082aba9e20, 0x000002082aba9ef8]
Event: 0.106 Thread 0x000002087f0e65d0  136       3       java.util.HashMap::putIfAbsent (13 bytes)
Event: 0.106 Thread 0x000002087f0e5690 nmethod 128 0x0000020823023810 code [0x00000208230239e0, 0x0000020823023cf8]
Event: 0.106 Thread 0x000002087f0e5690  133       3       java.util.ImmutableCollections$Set12::contains (28 bytes)
Event: 0.106 Thread 0x000002087f0e65d0 nmethod 136 0x0000020823023e10 code [0x0000020823023fc0, 0x00000208230242b8]
Event: 0.106 Thread 0x000002087f0e65d0  137       3       java.util.HashMap::resize (356 bytes)
Event: 0.106 Thread 0x000002087f0e5690 nmethod 133 0x0000020823024410 code [0x00000208230245c0, 0x00000208230248f8]
Event: 0.106 Thread 0x000002087f0e5690  134       3       java.lang.Object::equals (11 bytes)
Event: 0.106 Thread 0x0000020839ebdc80 nmethod 135 0x000002082aba9f90 code [0x000002082abaa100, 0x000002082abaa178]
Event: 0.106 Thread 0x000002087f0e5690 nmethod 134 0x0000020823024a10 code [0x0000020823024ba0, 0x0000020823024cf8]
Event: 0.106 Thread 0x000002087f0e5690  138       3       java.util.AbstractMap::<init> (5 bytes)
Event: 0.107 Thread 0x000002087f0e5690 nmethod 138 0x0000020823024d90 code [0x0000020823024f20, 0x0000020823025078]

GC Heap History (0 events):
No events

Dll operation events (2 events):
Event: 0.007 Loaded shared library C:\Users\Admin\.jdks\ms-17.0.15\bin\java.dll
Event: 0.032 Loaded shared library C:\Users\Admin\.jdks\ms-17.0.15\bin\jsvml.dll

Deoptimization events (0 events):
No events

Classes loaded (2 events):
Event: 0.041 Loading class sun/nio/cs/UTF_8$Encoder
Event: 0.041 Loading class sun/nio/cs/UTF_8$Encoder done

Classes unloaded (0 events):
No events

Classes redefined (0 events):
No events

Internal exceptions (0 events):
No events

VM Operations (2 events):
Event: 0.103 Executing VM operation: HandshakeAllThreads
Event: 0.103 Executing VM operation: HandshakeAllThreads done

Memory protections (0 events):
No events

Nmethod flushes (0 events):
No events

Events (13 events):
Event: 0.032 Thread 0x000002081b4ad7a0 Thread added: 0x000002081b4ad7a0
Event: 0.035 Thread 0x000002081b4ad7a0 Thread added: 0x0000020839eab8f0
Event: 0.035 Thread 0x000002081b4ad7a0 Thread added: 0x0000020839eac570
Event: 0.042 Thread 0x000002081b4ad7a0 Thread added: 0x0000020839ebb1a0
Event: 0.042 Thread 0x000002081b4ad7a0 Thread added: 0x0000020839ebbb60
Event: 0.043 Thread 0x000002081b4ad7a0 Thread added: 0x0000020839ebc520
Event: 0.043 Thread 0x000002081b4ad7a0 Thread added: 0x0000020839ebcee0
Event: 0.043 Thread 0x000002081b4ad7a0 Thread added: 0x0000020839ebdc80
Event: 0.043 Thread 0x000002081b4ad7a0 Thread added: 0x0000020839ed34e0
Event: 0.043 Thread 0x000002081b4ad7a0 Thread added: 0x0000020839f052e0
Event: 0.089 Thread 0x000002081b4ad7a0 Thread added: 0x0000020839e92c40
Event: 0.103 Thread 0x0000020839ed34e0 Thread added: 0x000002087f0e5690
Event: 0.104 Thread 0x0000020839ed34e0 Thread added: 0x000002087f0e65d0


Dynamic libraries:
0x00007ff7eebc0000 - 0x00007ff7eebce000 	C:\Users\Admin\.jdks\ms-17.0.15\bin\java.exe
0x00007ffc52c10000 - 0x00007ffc52e05000 	C:\Windows\SYSTEM32\ntdll.dll
0x00007ffc518c0000 - 0x00007ffc5197d000 	C:\Windows\System32\KERNEL32.DLL
0x00007ffc50590000 - 0x00007ffc50858000 	C:\Windows\System32\KERNELBASE.dll
0x00007ffc509e0000 - 0x00007ffc50ae0000 	C:\Windows\System32\ucrtbase.dll
0x00007ffc402a0000 - 0x00007ffc402bd000 	C:\Users\Admin\.jdks\ms-17.0.15\bin\VCRUNTIME140.dll
0x00007ffc3d2e0000 - 0x00007ffc3d2f7000 	C:\Users\Admin\.jdks\ms-17.0.15\bin\jli.dll
0x00007ffc50c90000 - 0x00007ffc50e30000 	C:\Windows\System32\USER32.dll
0x00007ffc3b630000 - 0x00007ffc3b8ca000 	C:\Windows\WinSxS\amd64_microsoft.windows.common-controls_6595b64144ccf1df_6.0.19041.844_none_ca00b6081b84eb1d\COMCTL32.dll
0x00007ffc50860000 - 0x00007ffc50882000 	C:\Windows\System32\win32u.dll
0x00007ffc529d0000 - 0x00007ffc52a6e000 	C:\Windows\System32\msvcrt.dll
0x00007ffc51bb0000 - 0x00007ffc51bda000 	C:\Windows\System32\GDI32.dll
0x00007ffc50400000 - 0x00007ffc5050b000 	C:\Windows\System32\gdi32full.dll
0x00007ffc50890000 - 0x00007ffc5092d000 	C:\Windows\System32\msvcp_win.dll
0x00007ffc52540000 - 0x00007ffc52570000 	C:\Windows\System32\IMM32.DLL
0x00007ffc44ef0000 - 0x00007ffc44efc000 	C:\Users\Admin\.jdks\ms-17.0.15\bin\vcruntime140_1.dll
0x00007ffc04320000 - 0x00007ffc043ad000 	C:\Users\Admin\.jdks\ms-17.0.15\bin\msvcp140.dll
0x00007ffbf53f0000 - 0x00007ffbf6062000 	C:\Users\Admin\.jdks\ms-17.0.15\bin\server\jvm.dll
0x00007ffc52b20000 - 0x00007ffc52bcc000 	C:\Windows\System32\ADVAPI32.dll
0x00007ffc528d0000 - 0x00007ffc5296b000 	C:\Windows\System32\sechost.dll
0x00007ffc51590000 - 0x00007ffc516bb000 	C:\Windows\System32\RPCRT4.dll
0x00007ffc522d0000 - 0x00007ffc5233b000 	C:\Windows\System32\WS2_32.dll
0x00007ffc48d90000 - 0x00007ffc48db7000 	C:\Windows\SYSTEM32\WINMM.dll
0x00007ffc4f8f0000 - 0x00007ffc4f93b000 	C:\Windows\SYSTEM32\POWRPROF.dll
0x00007ffc492c0000 - 0x00007ffc492ca000 	C:\Windows\SYSTEM32\VERSION.dll
0x00007ffc4f7b0000 - 0x00007ffc4f7c2000 	C:\Windows\SYSTEM32\UMPDC.dll
0x00007ffc4e480000 - 0x00007ffc4e492000 	C:\Windows\SYSTEM32\kernel.appcore.dll
0x00007ffc3fec0000 - 0x00007ffc3feca000 	C:\Users\Admin\.jdks\ms-17.0.15\bin\jimage.dll
0x00007ffc4e1f0000 - 0x00007ffc4e3d4000 	C:\Windows\SYSTEM32\DBGHELP.DLL
0x00007ffc454f0000 - 0x00007ffc4551c000 	C:\Windows\SYSTEM32\dbgcore.DLL
0x00007ffc50510000 - 0x00007ffc50590000 	C:\Windows\System32\bcryptPrimitives.dll
0x00007ffc3de40000 - 0x00007ffc3de4e000 	C:\Users\Admin\.jdks\ms-17.0.15\bin\instrument.dll
0x00007ffc3cd10000 - 0x00007ffc3cd35000 	C:\Users\Admin\.jdks\ms-17.0.15\bin\java.dll
0x00007ffc04240000 - 0x00007ffc04316000 	C:\Users\Admin\.jdks\ms-17.0.15\bin\jsvml.dll
0x00007ffc50e30000 - 0x00007ffc51572000 	C:\Windows\System32\SHELL32.dll
0x00007ffc4e4a0000 - 0x00007ffc4ec30000 	C:\Windows\SYSTEM32\windows.storage.dll
0x00007ffc52570000 - 0x00007ffc528c5000 	C:\Windows\System32\combase.dll
0x00007ffc4fdc0000 - 0x00007ffc4fdec000 	C:\Windows\SYSTEM32\Wldp.dll
0x00007ffc52a70000 - 0x00007ffc52b1e000 	C:\Windows\System32\SHCORE.dll
0x00007ffc524e0000 - 0x00007ffc52535000 	C:\Windows\System32\shlwapi.dll
0x00007ffc50290000 - 0x00007ffc502af000 	C:\Windows\SYSTEM32\profapi.dll
0x00007ffc27cf0000 - 0x00007ffc27d08000 	C:\Users\Admin\.jdks\ms-17.0.15\bin\zip.dll
0x00007ffc3cc50000 - 0x00007ffc3cc6a000 	C:\Users\Admin\.jdks\ms-17.0.15\bin\net.dll
0x00007ffc4b440000 - 0x00007ffc4b54b000 	C:\Windows\SYSTEM32\WINHTTP.dll
0x00007ffc4fb30000 - 0x00007ffc4fb9a000 	C:\Windows\system32\mswsock.dll
0x00007ffc36230000 - 0x00007ffc36246000 	C:\Users\Admin\.jdks\ms-17.0.15\bin\nio.dll

dbghelp: loaded successfully - version: 4.0.5 - missing functions: none
symbol engine: initialized successfully - sym options: 0x614 - pdb path: .;C:\Users\Admin\.jdks\ms-17.0.15\bin;C:\Windows\SYSTEM32;C:\Windows\WinSxS\amd64_microsoft.windows.common-controls_6595b64144ccf1df_6.0.19041.844_none_ca00b6081b84eb1d;C:\Users\Admin\.jdks\ms-17.0.15\bin\server

VM Arguments:
jvm_args: -javaagent:D:\IntelliJ IDEA Community Edition 2025.1\lib\idea_rt.jar=54563 -Dfile.encoding=UTF-8 
java_command: com.anstay.AnstayApplication
java_class_path (initial): C:\Users\Admin\Desktop\Be\BE-Anstay\target\classes;C:\Users\Admin\.m2\repository\org\springframework\boot\spring-boot-starter-web\3.2.4\spring-boot-starter-web-3.2.4.jar;C:\Users\Admin\.m2\repository\org\springframework\boot\spring-boot-starter\3.2.4\spring-boot-starter-3.2.4.jar;C:\Users\Admin\.m2\repository\org\springframework\boot\spring-boot-starter-logging\3.2.4\spring-boot-starter-logging-3.2.4.jar;C:\Users\Admin\.m2\repository\ch\qos\logback\logback-classic\1.4.14\logback-classic-1.4.14.jar;C:\Users\Admin\.m2\repository\ch\qos\logback\logback-core\1.4.14\logback-core-1.4.14.jar;C:\Users\Admin\.m2\repository\org\apache\logging\log4j\log4j-to-slf4j\2.21.1\log4j-to-slf4j-2.21.1.jar;C:\Users\Admin\.m2\repository\org\apache\logging\log4j\log4j-api\2.21.1\log4j-api-2.21.1.jar;C:\Users\Admin\.m2\repository\org\slf4j\jul-to-slf4j\2.0.12\jul-to-slf4j-2.0.12.jar;C:\Users\Admin\.m2\repository\jakarta\annotation\jakarta.annotation-api\2.1.1\jakarta.annotation-api-2.1.1.jar;C:\Users\Admin\.m2\repository\org\yaml\snakeyaml\2.2\snakeyaml-2.2.jar;C:\Users\Admin\.m2\repository\org\springframework\boot\spring-boot-starter-json\3.2.4\spring-boot-starter-json-3.2.4.jar;C:\Users\Admin\.m2\repository\com\fasterxml\jackson\datatype\jackson-datatype-jdk8\2.15.4\jackson-datatype-jdk8-2.15.4.jar;C:\Users\Admin\.m2\repository\com\fasterxml\jackson\datatype\jackson-datatype-jsr310\2.15.4\jackson-datatype-jsr310-2.15.4.jar;C:\Users\Admin\.m2\repository\com\fasterxml\jackson\module\jackson-module-parameter-names\2.15.4\jackson-module-parameter-names-2.15.4.jar;C:\Users\Admin\.m2\repository\org\springframework\boot\spring-boot-starter-tomcat\3.2.4\spring-boot-starter-tomcat-3.2.4.jar;C:\Users\Admin\.m2\repository\org\apache\tomcat\embed\tomcat-embed-core\10.1.19\tomcat-embed-core-10.1.19.jar;C:\Users\Admin\.m2\repository\org\apache\tomcat\embed\tomcat-embed-websocket\10.1.19\tomcat-embed-websocket-10.1.19.jar;C:\Users\Admin\.m2\repository\org\springframework\sp
Launcher Type: SUN_STANDARD

[Global flags]
     intx CICompilerCount                          = 12                                        {product} {ergonomic}
     uint ConcGCThreads                            = 3                                         {product} {ergonomic}
     uint G1ConcRefinementThreads                  = 13                                        {product} {ergonomic}
   size_t G1HeapRegionSize                         = 1048576                                   {product} {ergonomic}
    uintx GCDrainStackTargetSize                   = 64                                        {product} {ergonomic}
   size_t InitialHeapSize                          = 125829120                                 {product} {ergonomic}
   size_t MarkStackSize                            = 4194304                                   {product} {ergonomic}
   size_t MaxHeapSize                              = 1992294400                                {product} {ergonomic}
   size_t MaxNewSize                               = 1195376640                                {product} {ergonomic}
   size_t MinHeapDeltaBytes                        = 1048576                                   {product} {ergonomic}
   size_t MinHeapSize                              = 8388608                                   {product} {ergonomic}
    uintx NonNMethodCodeHeapSize                   = 7602480                                {pd product} {ergonomic}
    uintx NonProfiledCodeHeapSize                  = 122027880                              {pd product} {ergonomic}
    uintx ProfiledCodeHeapSize                     = 122027880                              {pd product} {ergonomic}
    uintx ReservedCodeCacheSize                    = 251658240                              {pd product} {ergonomic}
     bool SegmentedCodeCache                       = true                                      {product} {ergonomic}
   size_t SoftMaxHeapSize                          = 1992294400                             {manageable} {ergonomic}
     bool UseCompressedClassPointers               = true                           {product lp64_product} {ergonomic}
     bool UseCompressedOops                        = true                           {product lp64_product} {ergonomic}
     bool UseG1GC                                  = true                                      {product} {ergonomic}
     bool UseLargePagesIndividualAllocation        = false                                  {pd product} {ergonomic}

Logging:
Log output configuration:
 #0: stdout all=warning uptime,level,tags
 #1: stderr all=off uptime,level,tags

Environment Variables:
PATH=C:\Windows\system32;C:\Windows;C:\Windows\System32\Wbem;C:\Windows\System32\WindowsPowerShell\v1.0\;C:\Windows\System32\OpenSSH\;C:\Program Files (x86)\NVIDIA Corporation\PhysX\Common;C:\xampp\php;C:\composer;C:\Program Files\Git\cmd;C:\Program Files\nodejs\;C:\Users\Admin\AppData\Local\Microsoft\WindowsApps;D:\Microsoft VS Code\bin;C:\Users\Admin\AppData\Roaming\Composer\vendor\bin;C:\Users\Admin\AppData\Roaming\npm;D:\PhpStorm 2025.1.1\bin;
USERNAME=Admin
OS=Windows_NT
PROCESSOR_IDENTIFIER=AMD64 Family 23 Model 96 Stepping 1, AuthenticAMD
TMP=C:\Users\Admin\AppData\Local\Temp
TEMP=C:\Users\Admin\AppData\Local\Temp



Periodic native trim disabled


---------------  S Y S T E M  ---------------

OS:
 Windows 10 , 64 bit Build 19041 (10.0.19041.928)
OS uptime: 0 days 19:43 hours

CPU: total 16 (initial active 16) (16 cores per cpu, 2 threads per core) family 23 model 96 stepping 1 microcode 0x0, cx8, cmov, fxsr, ht, mmx, 3dnowpref, sse, sse2, sse3, ssse3, sse4a, sse4.1, sse4.2, popcnt, lzcnt, tsc, tscinvbit, avx, avx2, aes, clmul, bmi1, bmi2, adx, sha, fma, vzeroupper, clflush, clflushopt
Processor Information for the first 16 processors :
  Max Mhz: 2901, Current Mhz: 2901, Mhz Limit: 2901

Memory: 4k page, system-wide physical 7599M (1272M free)
TotalPageFile size 18863M (AvailPageFile size 6079M)
current process WorkingSet (physical memory assigned to process): 35M, peak: 35M
current process commit charge ("private bytes"): 213M, peak: 213M

vm_info: OpenJDK 64-Bit Server VM (17.0.15+6-LTS) for windows-amd64 JRE (17.0.15+6-LTS), built on Apr  9 2025 22:27:25 by "MicrosoftCorporation" with unknown MS VC++:1939

END.
